<?xml version="1.0" encoding="UTF-8"?>
<!-- Generated by org.testng.reporters.JUnitXMLReporter -->
<testsuite ignored="0" hostname="Aelaina" failures="1" tests="8" name="Surefire test" time="0.048" errors="0" timestamp="2023-09-01T22:18:23 EDT">
  <testcase classname="seleniumJava.appiumTest" name="appiumIosApp" time="0.003"/>
  <testcase classname="seleniumJava.appiumTest" name="appiumNativeApp" time="0.001"/>
  <testcase classname="seleniumJava.Intended_to_FailTest" name="intendedtoFailone" time="0.007">
    <failure type="java.lang.AssertionError" message="expected [false] but found [true]">
      <![CDATA[java.lang.AssertionError: expected [false] but found [true]
at seleniumJava.Intended_to_FailTest.intendedtoFailone(Intended_to_FailTest.java:20)
at java.base/java.util.ArrayList.forEach(ArrayList.java:1511)
... Removed 36 stack frames]]>
    </failure>
  </testcase> <!-- intendedtoFailone -->
  <testcase classname="seleniumJava.restApiTest" name="restApiDeleteTwitter" time="0.0"/>
  <testcase classname="seleniumJava.restApiTest" name="restApiPostjira" time="0.0"/>
  <testcase classname="seleniumJava.seleniumTest" name="seleniumBrowse" time="0.001"/>
  <testcase classname="seleniumJava.seleniumTest" name="seleniumElement" time="0.0"/>
  <testcase classname="seleniumJava.zampleTest" name="sampleToValidate" time="0.0"/>
</testsuite> <!-- Surefire test -->
