<?xml version="1.0" encoding="UTF-8"?>
<!-- Generated by org.testng.reporters.JUnitXMLReporter -->
<testsuite ignored="0" hostname="Aelaina" failures="1" tests="5" name="Test" time="0.046" errors="0" timestamp="2023-09-01T22:19:17 EDT">
  <testcase classname="seleniumJava.appiumTest" name="appiumIosApp" time="0.005"/>
  <testcase classname="seleniumJava.appiumTest" name="appiumNativeApp" time="0.0"/>
  <testcase classname="seleniumJava.seleniumTest" name="seleniumBrowse" time="0.0"/>
  <testcase classname="seleniumJava.seleniumTest" name="seleniumElement" time="0.0"/>
  <testcase classname="seleniumJava.Intended_to_FailTest" name="intendedtoFailone" time="0.006">
    <failure type="java.lang.AssertionError" message="expected [false] but found [true]">
      <![CDATA[java.lang.AssertionError: expected [false] but found [true]
at seleniumJava.Intended_to_FailTest.intendedtoFailone(Intended_to_FailTest.java:20)
at java.base/java.util.ArrayList.forEach(ArrayList.java:1511)
... Removed 35 stack frames]]>
    </failure>
  </testcase> <!-- intendedtoFailone -->
</testsuite> <!-- Test -->
